<?xml version="1.0" encoding="utf-8"?><testsuites><testsuite name="pytest" errors="0" failures="0" skipped="0" tests="5" time="0.226" timestamp="2024-01-20T16:32:28.361339" hostname="Paulo"><testcase classname="tests.test_bytebank.TestClass" name="test_quando_idade_receber_01_01_2000_deve_retornar_24" time="0.004" /><testcase classname="tests.test_bytebank.TestClass" name="test_quando_sobrenome_recebe_Mariana_Sena_deve_retornar_Sena" time="0.001" /><testcase classname="tests.test_bytebank.TestClass" name="test_quando_recebe_10000_e_eh_diretor_deve_retornar_9000" time="0.001" /><testcase classname="tests.test_bytebank.TestClass" name="test_quando_calcular_bonus_recebe_1000_deve_retornar_100" time="0.001" /><testcase classname="tests.test_bytebank.TestClass" name="test_quando_calcular_bonus_recebe_20000_deve_retornar" time="0.002" /></testsuite></testsuites>